<?xml version="1.0" encoding="UTF-8"?>
<!-- Generated by org.testng.reporters.JUnitXMLReporter -->
<testsuite ignored="0" hostname="DESKTOP-K0RI74M" failures="0" tests="4" name="Default test" time="0.132" errors="0" timestamp="2022-09-06T14:08:45 IST">
  <testcase classname="testNG.Test2" name="chats" time="0.021"/>
  <testcase classname="testNG.Test2" name="calls" time="0.004"/>
  <testcase classname="testNG.Test2" name="exit" time="0.003"/>
  <testcase classname="testNG.Test2" name="setting" time="0.008"/>
</testsuite> <!-- Default test -->
